<?xml version="1.0" encoding="UTF-8"?>
<testsuite name="rspec" tests="48" skipped="0" failures="0" errors="0" time="4.523717" timestamp="2020-02-21T11:44:24-04:00" hostname="rafael-PC">
<properties>
<property name="seed" value="51177"/>
</properties>
<testcase classname="spec.delete_spec" name="DELETE Quando é um usuário registrado is expected to eql &quot;204&quot;" file="./spec/delete_spec.rb" time="0.688932"></testcase>
<testcase classname="spec.delete_spec" name="DELETE Quando não existe is expected to eql &quot;404&quot;" file="./spec/delete_spec.rb" time="0.022127"></testcase>
<testcase classname="spec.delete_spec" name="DELETE Quando o ID é inválido is expected to eql &quot;412&quot;" file="./spec/delete_spec.rb" time="0.146778"></testcase>
<testcase classname="spec.get_spec" name="GET Quando é um usuário registrado is expected to eql &quot;200&quot;" file="./spec/get_spec.rb" time="0.142731"></testcase>
<testcase classname="spec.get_spec" name="GET Quando é um usuário registrado is expected to eql &quot;Padme Amidala&quot;" file="./spec/get_spec.rb" time="0.144026"></testcase>
<testcase classname="spec.get_spec" name="GET Quando é um usuário registrado is expected to eql &quot;$2b$10$ti92FGUZNXkT.4nwrn67qOqSFFZrXzQ29KYp3zkez9MvHjbSBhLRS&quot;" file="./spec/get_spec.rb" time="0.141616"></testcase>
<testcase classname="spec.get_spec" name="GET Quando é um usuário registrado is expected to eql &quot;michel@gmail.com&quot;" file="./spec/get_spec.rb" time="0.143683"></testcase>
<testcase classname="spec.get_spec" name="GET Quando é um usuário registrado is expected to eql 25, 44, 15, 21, 2, 2020, 5, 52, false, and nil" file="./spec/get_spec.rb" time="0.146015"></testcase>
<testcase classname="spec.get_spec" name="GET Quando é um usuário registrado is expected to eql 25, 44, 15, 21, 2, 2020, 5, 52, false, and nil" file="./spec/get_spec.rb" time="0.146467"></testcase>
<testcase classname="spec.get_spec" name="GET Quando não encontrado is expected to eql &quot;404&quot;" file="./spec/get_spec.rb" time="0.193788"></testcase>
<testcase classname="spec.get_spec" name="GET Quando o ID é inválido is expected to eql &quot;412&quot;" file="./spec/get_spec.rb" time="0.207095"></testcase>
<testcase classname="spec.get_spec" name="GET Quando o ID é de outro usuário is expected to eql &quot;401&quot;" file="./spec/get_spec.rb" time="0.237433"></testcase>
<testcase classname="spec.post_spec" name="POST Quando é un novo usuário is expected to eql &quot;200&quot;" file="./spec/post_spec.rb" time="0.081902"></testcase>
<testcase classname="spec.post_spec" name="POST Quando email duplicado is expected to eql &quot;409&quot;" file="./spec/post_spec.rb" time="0.138720"></testcase>
<testcase classname="spec.post_spec" name="POST Quando email duplicado is expected to eql &quot;Oops. Looks like you already have an account with this email address.&quot;" file="./spec/post_spec.rb" time="0.138532"></testcase>
<testcase classname="spec.post_spec" name="POST Quando email inválido is expected to eql &quot;412&quot;" file="./spec/post_spec.rb" time="0.009797"></testcase>
<testcase classname="spec.post_spec" name="POST Quando email inválido is expected to eql &quot;Oops. You entered a wrong email.&quot;" file="./spec/post_spec.rb" time="0.017017"></testcase>
<testcase classname="spec.post_spec" name="POST Quando nome vazio is expected to eql &quot;412&quot;" file="./spec/post_spec.rb" time="0.027660"></testcase>
<testcase classname="spec.post_spec" name="POST Quando nome vazio is expected to eql &quot;Validation notEmpty on full_name failed&quot;" file="./spec/post_spec.rb" time="0.009483"></testcase>
<testcase classname="spec.post_spec" name="POST Quando email vazio is expected to eql &quot;412&quot;" file="./spec/post_spec.rb" time="0.009253"></testcase>
<testcase classname="spec.post_spec" name="POST Quando email vazio is expected to eql &quot;Validation notEmpty on email failed&quot;" file="./spec/post_spec.rb" time="0.031017"></testcase>
<testcase classname="spec.post_spec" name="POST Quando senha vazio is expected to eql &quot;412&quot;" file="./spec/post_spec.rb" time="0.020923"></testcase>
<testcase classname="spec.post_spec" name="POST Quando senha vazio is expected to eql &quot;Validation notEmpty on password failed&quot;" file="./spec/post_spec.rb" time="0.013061"></testcase>
<testcase classname="spec.post_spec" name="POST Quando nome é nulo is expected to eql &quot;412&quot;" file="./spec/post_spec.rb" time="0.006402"></testcase>
<testcase classname="spec.post_spec" name="POST Quando nome é nulo is expected to eql &quot;Users.full_name cannot be null&quot;" file="./spec/post_spec.rb" time="0.017694"></testcase>
<testcase classname="spec.post_spec" name="POST Quando email é nulo is expected to eql &quot;412&quot;" file="./spec/post_spec.rb" time="0.015630"></testcase>
<testcase classname="spec.post_spec" name="POST Quando email é nulo is expected to eql &quot;Users.email cannot be null&quot;" file="./spec/post_spec.rb" time="0.013144"></testcase>
<testcase classname="spec.post_spec" name="POST Quando senha é nulo is expected to eql &quot;412&quot;" file="./spec/post_spec.rb" time="0.010243"></testcase>
<testcase classname="spec.post_spec" name="POST Quando senha é nulo is expected to eql &quot;Users.password cannot be null&quot;" file="./spec/post_spec.rb" time="0.013357"></testcase>
<testcase classname="spec.put_spec" name="PUT Quando é un novo usuário is expected to eql &quot;200&quot;" file="./spec/put_spec.rb" time="0.000122"></testcase>
<testcase classname="spec.put_spec" name="PUT Quando é un novo usuário is expected to eql &quot;Rafael Ferreira&quot;" file="./spec/put_spec.rb" time="0.000197"></testcase>
<testcase classname="spec.put_spec" name="PUT Quando é un novo usuário is expected to eql &quot;sf.rafael20@gmail.com&quot;" file="./spec/put_spec.rb" time="0.000104"></testcase>
<testcase classname="spec.put_spec" name="PUT Quando email duplicado is expected to eql &quot;409&quot;" file="./spec/put_spec.rb" time="0.000120"></testcase>
<testcase classname="spec.put_spec" name="PUT Quando email duplicado is expected to eql &quot;Oops. Looks like you already have an account with this email address.&quot;" file="./spec/put_spec.rb" time="0.000305"></testcase>
<testcase classname="spec.put_spec" name="PUT Quando email inválido is expected to eql &quot;412&quot;" file="./spec/put_spec.rb" time="0.000127"></testcase>
<testcase classname="spec.put_spec" name="PUT Quando email inválido is expected to eql &quot;Oops. You entered a wrong email.&quot;" file="./spec/put_spec.rb" time="0.000197"></testcase>
<testcase classname="spec.put_spec" name="PUT Quando nome vazio is expected to eql &quot;400&quot;" file="./spec/put_spec.rb" time="0.000122"></testcase>
<testcase classname="spec.put_spec" name="PUT Quando nome vazio is expected to eql &quot;Validation notEmpty on full_name failed&quot;" file="./spec/put_spec.rb" time="0.000295"></testcase>
<testcase classname="spec.put_spec" name="PUT Quando email vazio is expected to eql &quot;400&quot;" file="./spec/put_spec.rb" time="0.000124"></testcase>
<testcase classname="spec.put_spec" name="PUT Quando email vazio is expected to eql &quot;Validation notEmpty on email failed&quot;" file="./spec/put_spec.rb" time="0.000230"></testcase>
<testcase classname="spec.put_spec" name="PUT Quando senha vazio is expected to eql &quot;400&quot;" file="./spec/put_spec.rb" time="0.000161"></testcase>
<testcase classname="spec.put_spec" name="PUT Quando senha vazio is expected to eql &quot;Validation notEmpty on password failed&quot;" file="./spec/put_spec.rb" time="0.000199"></testcase>
<testcase classname="spec.put_spec" name="PUT Quando nome é nulo is expected to eql &quot;400&quot;" file="./spec/put_spec.rb" time="0.000131"></testcase>
<testcase classname="spec.put_spec" name="PUT Quando nome é nulo is expected to eql &quot;Users.full_name cannot be null&quot;" file="./spec/put_spec.rb" time="0.000212"></testcase>
<testcase classname="spec.put_spec" name="PUT Quando email é nulo is expected to eql &quot;400&quot;" file="./spec/put_spec.rb" time="0.000129"></testcase>
<testcase classname="spec.put_spec" name="PUT Quando email é nulo is expected to eql &quot;Users.email cannot be null&quot;" file="./spec/put_spec.rb" time="0.000208"></testcase>
<testcase classname="spec.put_spec" name="PUT Quando senha é nulo is expected to eql &quot;400&quot;" file="./spec/put_spec.rb" time="0.000129"></testcase>
<testcase classname="spec.put_spec" name="PUT Quando senha é nulo is expected to eql &quot;Users.password cannot be null&quot;" file="./spec/put_spec.rb" time="0.000215"></testcase>
</testsuite>
